 * Serving Flask app 'app' (lazy loading)
 * Environment: production
   WARNING: This is a development server. Do not use it in a production deployment.
   Use a production WSGI server instead.
 * Debug mode: off
 * Running on all addresses.
   WARNING: This is a development server. Do not use it in a production deployment.
 * Running on http://172.22.47.81:5000/ (Press CTRL+C to quit)
code_dir:  /home/ec2-user/python-ast-explorer-master-deidiom/
code_dir:  /home/ec2-user/python-ast-explorer-master-deidiom/
code_dir:  /home/ec2-user/python-ast-explorer-master-deidiom/
code_dir:  /home/ec2-user/python-ast-explorer-master-deidiom/
code_dir:  /home/ec2-user/python-ast-explorer-master-deidiom/
code_dir:  /home/ec2-user/python-ast-explorer-master-deidiom/
code_dir:  /home/ec2-user/python-ast-explorer-master-deidiom/
code_dir:  /home/ec2-user/python-ast-explorer-master-deidiom/
code_dir:  /home/ec2-user/python-ast-explorer-master-deidiom/
code_dir:  /home/ec2-user/python-ast-explorer-master-deidiom/
 * Serving Flask app 'app'
 * Debug mode: on
[31m[1mWARNING: This is a development server. Do not use it in a production deployment. Use a production WSGI server instead.[0m
 * Running on all addresses (0.0.0.0)
 * Running on http://127.0.0.1:5000
 * Running on http://172.31.8.128:5000
[33mPress CTRL+C to quit[0m
 * Restarting with stat
 * Debugger is active!
 * Debugger PIN: 656-032-901
code_dir:  /home/ec2-user/python-ast-explorer-master-deidiom/
code_dir:  /home/ec2-user/python-ast-explorer-master-deidiom/
code_dir:  /home/ec2-user/python-ast-explorer-master-deidiom/
code_dir:  /home/ec2-user/python-ast-explorer-master-deidiom/
code_dir:  /home/ec2-user/python-ast-explorer-master-deidiom/
code_dir:  /home/ec2-user/python-ast-explorer-master-deidiom/
code_dir:  /home/ec2-user/python-ast-explorer-master-deidiom/
code_dir:  /home/ec2-user/python-ast-explorer-master-deidiom/
code_dir:  /home/ec2-user/python-ast-explorer-master-deidiom/
code_dir:  /home/ec2-user/python-ast-explorer-master-deidiom/
